<?xml version="1.0" encoding="UTF-8"?>
<testng-results skipped="0" failed="0" total="1" passed="1">
  <reporter-output>
  </reporter-output>
  <suite name="Default suite" duration-ms="14011" started-at="2019-07-11T06:35:40Z" finished-at="2019-07-11T06:35:54Z">
    <groups>
    </groups>
    <test name="Default test" duration-ms="14011" started-at="2019-07-11T06:35:40Z" finished-at="2019-07-11T06:35:54Z">
      <class name="mavenbasics.Google">
        <test-method status="PASS" signature="setup()[pri:0, instance:mavenbasics.Google@721e0f4f]" name="setup" is-config="true" duration-ms="6120" started-at="2019-07-11T12:05:40Z" finished-at="2019-07-11T12:05:46Z">
          <reporter-output>
          </reporter-output>
        </test-method> <!-- setup -->
        <test-method status="PASS" signature="test()[pri:0, instance:mavenbasics.Google@721e0f4f]" name="test" duration-ms="6641" started-at="2019-07-11T12:05:46Z" finished-at="2019-07-11T12:05:53Z">
          <reporter-output>
          </reporter-output>
        </test-method> <!-- test -->
        <test-method status="PASS" signature="teardown()[pri:0, instance:mavenbasics.Google@721e0f4f]" name="teardown" is-config="true" duration-ms="1230" started-at="2019-07-11T12:05:53Z" finished-at="2019-07-11T12:05:54Z">
          <reporter-output>
          </reporter-output>
        </test-method> <!-- teardown -->
      </class> <!-- mavenbasics.Google -->
    </test> <!-- Default test -->
  </suite> <!-- Default suite -->
</testng-results>
